<?xml version="1.0" encoding="UTF-8"?>
<!-- Generated by org.testng.reporters.JUnitXMLReporter -->
<testsuite ignored="0" hostname="DESKTOP-SSS5PN9" failures="0" tests="4" name="OpenCart Tests" time="43.596" errors="0" timestamp="2022-09-30T17:01:06 CEST">
  <testcase classname="testCases.TC_003_LoginDDT" name="test_LoginDDT" time="3.139"/>
  <testcase classname="testCases.TC_003_LoginDDT" name="test_LoginDDT" time="11.642"/>
  <testcase classname="testCases.TC_003_LoginDDT" name="test_LoginDDT" time="11.445"/>
  <testcase classname="testCases.TC_003_LoginDDT" name="test_LoginDDT" time="5.956"/>
</testsuite> <!-- OpenCart Tests -->
